
ROM used:   1359/8192 (17%)
            1359/8192 (17%) including unused fragments

            1.2 Average locations per line
            11.3 Average locations per statement

RAM used:   15/368 (4%) at main() level
            31/368 (8%) worst case

Stack used: 5 worst case (5 in main + 0 for interrupts)
Stack size: 8

Lines Stmts  %   Files
----- ----- ---  -----
   53    36  30  main.c
  610     0   0  C:\Program Files (x86)\PICC\Devices\16f876a.h
  456    84  70  C:\Program Files (x86)\PICC\Drivers\lcd.c
----- -----
 1119   120 Total

Page ROM  %  RAM   Vol Diff  Functions:
---- --- --- ---   --- ----  ----------
0     21   2    1             @delay_ms1
0      8   1    0             @const609
 Inline         3   596  5.9  lcd_read_byte
0      6   0    0    59  4.2  lcd_read_nibble
0     12   1    1   179  3.3  lcd_send_nibble
0     64   5    3   460  4.7  lcd_send_byte
0     51   4    2   667  5.9  lcd_init
0     18   1    4   208  6.3  lcd_gotoxy
0     44   3    1   354  4.7  lcd_putc
0    391  29    9  1331  5.8  MAIN
0     29   2    2             @ITOF
0    117   9   13             @MULFF
0    321  24   16             @ADDFF
0     31   2    4             @SFTOI
0      1   0    0             @const656
0     86   6    4             @PSTRINGC7_627
0      7   1    0             @const658
0      4   0    0             @const659
0      2   0    0             @const660
0    128   9    9             @PRINTF_LD_627
0      1   0    0             @const664
0      7   1    0             @const665
0      4   0    0             @const666
0      2   0    0             @const667
 Inline         0             @cinit1

Program metrics:
    Functions               8
    Statements              120
    Comments                208
    Volume (V)              5698
    Difficulty (D)          37.2
    Effort to implement (E) 212162
    Time to implement (T)   3 hours, 16 minutes
    Est Delivered Bugs (B)  1
    Cyclomatic Complexity   9
    Maintainability (MI)    143

 Segment     Used  Free
-----------  ----  ----
00000-00003     4  0  
00004-007FF  1355  689  
00800-00FFF     0  2048  
01000-017FF     0  2048  
01800-01FFF     0  2048  



